2024-05-14 18:58:31.478 D:\SEBAS\ADP\STR_Addon_PagoMasivoDetracciones-main\BPP\bin\x64\Debug\Log\2024\5\05-14-2024.log is created.
2024-05-14 18:58:31.479 [INFO]    Se activo el ADDON DE PAGOS MASIVOS
2024-05-14 18:59:12.611 
2024-05-14 18:59:12.612 [INFO]    Se activo el ADDON DE PAGOS MASIVOS
2024-05-14 18:59:14.775 [INFO]    SELECT TOP 1 * FROM "@BPP_PARAMS"
2024-05-14 18:59:14.891 [INFO]    SELECT "EnbSgmnAct" FROM CINF
2024-05-14 18:59:28.452 [INFO]    CALL SP_BPP_PARAMETROS_PGM ('TIPO_PAGO','','')  
2024-05-14 18:59:28.499 [INFO]    CALL SP_BPP_PARAMETROS_PGM ('CUENTA_CONTABLE','','')  
2024-05-14 18:59:28.553 [INFO]    SELECT "Segment_0" FROM OACT WHERE "AcctCode" = '_SYS00000058067' 
2024-05-14 18:59:28.616 [INFO]    SELECT "Segment_0" FROM OACT WHERE "AcctCode" = '_SYS00000058080' 
2024-05-14 18:59:28.666 [INFO]    SELECT "Segment_0" FROM OACT WHERE "AcctCode" = '_SYS00000058070' 
2024-05-14 18:59:28.715 [INFO]    SELECT "Segment_0" FROM OACT WHERE "AcctCode" = '_SYS00000058085' 
2024-05-14 18:59:28.765 [INFO]    SELECT "Segment_0" FROM OACT WHERE "AcctCode" = '_SYS00000058074' 
2024-05-14 18:59:28.817 [INFO]    SELECT "Segment_0" FROM OACT WHERE "AcctCode" = '_SYS00000058060' 
2024-05-14 18:59:28.870 [INFO]    SELECT "Segment_0" FROM OACT WHERE "AcctCode" = '_SYS00000058067' 
2024-05-14 19:11:12.412 [INFO]    SELECT "Segment_0" FROM OACT WHERE "AcctCode" = '_SYS00000058714' 
2024-05-14 23:38:06.912 
2024-05-14 23:38:06.915 [INFO]    Se activo el ADDON DE PAGOS MASIVOS
2024-05-14 23:38:08.763 [INFO]    SELECT TOP 1 * FROM "@BPP_PARAMS"
2024-05-14 23:38:08.862 [INFO]    SELECT "EnbSgmnAct" FROM CINF
2024-05-14 23:38:15.252 [INFO]    CALL SP_BPP_PARAMETROS_PGM ('TIPO_PAGO','','')  
2024-05-14 23:38:15.289 [INFO]    CALL SP_BPP_PARAMETROS_PGM ('CUENTA_CONTABLE','','')  
2024-05-14 23:38:27.092 [INFO]    CALL SP_BPP_CONSULTAR_PGM_PROVEEDORES ('','','','SOL','','')  
2024-05-14 23:39:20.554 [INFO]    CALL SP_BPP_OBTENERBANKCODE('0011')
2024-05-14 23:39:21.942 [ERROR]   1). [SAP AG][LIBODBCHDB DLL][HDBODBC] General error;328 invalid name of function or procedure: no procedure with name SP_BPP_GNRTXT_BBVA_CAB found: line 1 col 6 (at pos 5)

2024-05-14 23:43:07.547 [INFO]    CALL SP_BPP_OBTENERBANKCODE('0011')
2024-05-14 23:43:12.251 [INFO]    CALL SP_BPP_GNRTXT_BBVA_CAB ('11')
2024-05-14 23:43:12.346 [INFO]    CALL SP_BPP_GNRTXT_BBVA_DET ('11')
2024-05-14 23:43:12.396 [INFO]    UPDATE "@BPP_PAGM_CAB" SET  U_BPP_RUTATXT =  'D:\SEBAS\PagoMasivos20240508PAGOS_PROVEEDORES_BBVA_24-05-14-43.txt' WHERE "DocEntry"  = 11 
2024-05-14 23:43:35.262 
2024-05-14 23:43:35.264 [INFO]    Se activo el ADDON DE PAGOS MASIVOS
2024-05-14 23:43:37.222 [INFO]    SELECT TOP 1 * FROM "@BPP_PARAMS"
2024-05-14 23:43:37.325 [INFO]    SELECT "EnbSgmnAct" FROM CINF
2024-05-14 23:44:00.083 [INFO]    CALL SP_BPP_PARAMETROS_PGM ('TIPO_PAGO','','')  
2024-05-14 23:44:00.116 [INFO]    CALL SP_BPP_PARAMETROS_PGM ('CUENTA_CONTABLE','','')  
2024-05-14 23:44:10.483 [INFO]    CALL SP_BPP_CONSULTAR_PGM_PROVEEDORES ('','','','SOL','','')  
2024-05-14 23:44:27.081 [INFO]    CALL SP_BPP_OBTENERBANKCODE('02')
2024-05-14 23:44:29.654 [INFO]    CALL SP_BPP_GNRTXT_BCP_CAB ('8')
2024-05-14 23:44:29.871 [INFO]    CALL SP_BPP_GNRTXT_BCP_DETV1 ('8')
2024-05-14 23:44:29.919 [INFO]    UPDATE "@BPP_PAGM_CAB" SET  U_BPP_RUTATXT =  'D:\SEBAS\PagoMasivos20240505PAGOS_PROVEEDORES_BCP_24-05-14-44.txt' WHERE "DocEntry"  = 8 
2024-05-14 23:45:40.409 [INFO]    CALL SP_BPP_PARAMETROS_PGM ('TIPO_PAGO','','')  
2024-05-14 23:45:40.436 [INFO]    CALL SP_BPP_PARAMETROS_PGM ('CUENTA_CONTABLE','','')  
2024-05-14 23:45:49.464 [INFO]    CALL SP_BPP_OBTENERBANKCODE('02')
2024-05-14 23:45:50.660 [INFO]    CALL SP_BPP_GNRTXT_BCP_CAB ('8')
2024-05-14 23:45:50.703 [INFO]    CALL SP_BPP_GNRTXT_BCP_DETV1 ('8')
2024-05-14 23:45:56.532 [INFO]    UPDATE "@BPP_PAGM_CAB" SET  U_BPP_RUTATXT =  'D:\SEBAS\PagoMasivos20240505PAGOS_PROVEEDORES_BCP_24-05-14-45.txt' WHERE "DocEntry"  = 8 
2024-05-14 23:46:18.866 
2024-05-14 23:46:18.868 [INFO]    Se activo el ADDON DE PAGOS MASIVOS
2024-05-14 23:46:20.796 [INFO]    SELECT TOP 1 * FROM "@BPP_PARAMS"
2024-05-14 23:46:20.893 [INFO]    SELECT "EnbSgmnAct" FROM CINF
2024-05-14 23:46:36.952 [INFO]    CALL SP_BPP_PARAMETROS_PGM ('TIPO_PAGO','','')  
2024-05-14 23:46:36.985 [INFO]    CALL SP_BPP_PARAMETROS_PGM ('CUENTA_CONTABLE','','')  
2024-05-14 23:46:43.544 [INFO]    CALL SP_BPP_OBTENERBANKCODE('02')
2024-05-14 23:46:45.074 [INFO]    CALL SP_BPP_GNRTXT_BCP_CAB ('8')
2024-05-14 23:46:45.105 [INFO]    CALL SP_BPP_GNRTXT_BCP_DETV1 ('8')
2024-05-14 23:46:48.959 [INFO]    UPDATE "@BPP_PAGM_CAB" SET  U_BPP_RUTATXT =  'D:\SEBAS\PagoMasivos\20240505PAGOS_PROVEEDORES_BCP_24-05-14-46.txt' WHERE "DocEntry"  = 8 
2024-05-14 23:56:44.266 [INFO]    CALL SP_BPP_PARAMETROS_PGM ('TIPO_PAGO','','')  
2024-05-14 23:56:44.293 [INFO]    CALL SP_BPP_PARAMETROS_PGM ('CUENTA_CONTABLE','','')  
2024-05-14 23:56:50.800 [INFO]    CALL SP_BPP_CONSULTAR_PGM_PROVEEDORES ('','','','SOL','','')  
